<?xml version="1.0" encoding="UTF-8"?>
<!-- Generated by org.testng.reporters.JUnitReportReporter -->
<testsuite hostname="DESKTOP-JT1C0HT" failures="0" tests="1" name="pruebas.Laboratorio9" time="0.106" errors="0" timestamp="2024-03-04T18:56:56 ART" skipped="0">
  <testcase classname="pruebas.Laboratorio9" name="leerValoresTabla" time="0.106"/>
</testsuite> <!-- pruebas.Laboratorio9 -->
