<?xml version="1.0" encoding="UTF-8"?>
<!-- Generated by org.testng.reporters.JUnitReportReporter -->
<testsuite hostname="PRACTIAARNB1512" failures="0" tests="1" name="Edit.CursoAutomation1.AppTest" time="0.007" errors="0" timestamp="2024-02-16T09:40:41 ART" skipped="0">
  <testcase classname="Edit.CursoAutomation1.AppTest" name="imprimirEnConsola" time="0.007"/>
</testsuite> <!-- Edit.CursoAutomation1.AppTest -->
