<?xml version="1.0" encoding="UTF-8"?>
<!-- Generated by org.testng.reporters.JUnitReportReporter -->
<testsuite hostname="DESKTOP-JT1C0HT" failures="0" tests="2" name="pruebas.Laboratorio7a" time="3.695" errors="0" timestamp="2024-02-23T08:19:41 ART" skipped="0">
  <testcase classname="pruebas.Laboratorio7a" name="login" time="1.428"/>
  <testcase classname="pruebas.Laboratorio7a" name="enviarConsulta" time="2.267"/>
</testsuite> <!-- pruebas.Laboratorio7a -->
