<?xml version="1.0" encoding="UTF-8"?>
<!-- Generated by org.testng.reporters.JUnitReportReporter -->
<testsuite hostname="DESKTOP-JT1C0HT" failures="0" tests="1" name="Edit.CursoAutomation1.ScrollScreenshot" time="29.024" errors="0" timestamp="2024-02-23T17:54:13 ART" skipped="0">
  <testcase classname="Edit.CursoAutomation1.ScrollScreenshot" name="scrollScreenShotTest" time="29.024"/>
</testsuite> <!-- Edit.CursoAutomation1.ScrollScreenshot -->
